<?xml version="1.0" encoding="UTF-8"?>
<testng-results ignored="0" total="1" passed="1" failed="0" skipped="0">
  <reporter-output>
    <line>
      <![CDATA[Setting up Report and Test Started ]]>
    </line>
    <line>
      <![CDATA[Setting Done Test can be Started ]]>
    </line>
    <line>
      <![CDATA[Tring to start ad gettting appliaction ready ]]>
    </line>
    <line>
      <![CDATA[Browser and application is up and running ]]>
    </line>
    <line>
      <![CDATA[Test is about to end]]>
    </line>
    <line>
      <![CDATA[test completed >> Report Ganarated]]>
    </line>
  </reporter-output>
  <suite started-at="2025-11-20T23:44:14 IST" name="Default suite" finished-at="2025-11-20T23:44:47 IST" duration-ms="32558">
    <groups>
    </groups>
    <test started-at="2025-11-20T23:44:14 IST" name="Default test" finished-at="2025-11-20T23:44:47 IST" duration-ms="32558">
      <class name="testCases.RegistrationtestwithRandomData">
        <test-method is-config="true" signature="setUpSuite()[pri:0, instance:testCases.RegistrationtestwithRandomData@3eb91815]" started-at="2025-11-20T23:44:12 IST" name="setUpSuite" finished-at="2025-11-20T23:44:14 IST" duration-ms="1902" status="PASS">
          <reporter-output>
            <line>
              <![CDATA[Setting up Report and Test Started ]]>
            </line>
            <line>
              <![CDATA[Setting Done Test can be Started ]]>
            </line>
          </reporter-output>
        </test-method> <!-- setUpSuite -->
        <test-method is-config="true" signature="setUp()[pri:0, instance:testCases.RegistrationtestwithRandomData@3eb91815]" started-at="2025-11-20T23:44:15 IST" name="setUp" finished-at="2025-11-20T23:44:26 IST" duration-ms="11453" status="PASS">
          <reporter-output>
            <line>
              <![CDATA[Tring to start ad gettting appliaction ready ]]>
            </line>
            <line>
              <![CDATA[Browser and application is up and running ]]>
            </line>
          </reporter-output>
        </test-method> <!-- setUp -->
        <test-method signature="test1()[pri:0, instance:testCases.RegistrationtestwithRandomData@3eb91815]" started-at="2025-11-20T23:44:26 IST" name="test1" description="Login to Calyx and verify logged-in user" finished-at="2025-11-20T23:44:46 IST" duration-ms="19656" status="PASS">
          <reporter-output>
          </reporter-output>
        </test-method> <!-- test1 -->
        <test-method is-config="true" signature="teardownMethod(org.testng.ITestResult)[pri:0, instance:testCases.RegistrationtestwithRandomData@3eb91815]" started-at="2025-11-20T23:44:46 IST" name="teardownMethod" finished-at="2025-11-20T23:44:47 IST" duration-ms="1031" status="PASS">
          <params>
            <param index="0">
              <value>
                <![CDATA[[TestResult name=test1 status=SUCCESS method=RegistrationtestwithRandomData.test1()[pri:0, instance:testCases.RegistrationtestwithRandomData@3eb91815] output={null}]]]>
              </value>
            </param>
          </params>
          <reporter-output>
            <line>
              <![CDATA[Test is about to end]]>
            </line>
            <line>
              <![CDATA[test completed >> Report Ganarated]]>
            </line>
          </reporter-output>
        </test-method> <!-- teardownMethod -->
        <test-method is-config="true" signature="tearDown()[pri:0, instance:testCases.RegistrationtestwithRandomData@3eb91815]" started-at="2025-11-20T23:44:47 IST" name="tearDown" finished-at="2025-11-20T23:44:47 IST" duration-ms="3" status="PASS">
          <reporter-output>
          </reporter-output>
        </test-method> <!-- tearDown -->
      </class> <!-- testCases.RegistrationtestwithRandomData -->
    </test> <!-- Default test -->
  </suite> <!-- Default suite -->
</testng-results>
