<?xml version="1.0" encoding="UTF-8"?>
<!-- Generated by org.testng.reporters.JUnitReportReporter -->
<testsuite hostname="DESKTOP-IBPU7GU" failures="0" tests="1" name="testCases.RegistrationtestwithRandomData" time="20.687" errors="0" timestamp="2025-11-20T23:44:47 IST" skipped="0">
  <testcase classname="testCases.RegistrationtestwithRandomData" name="test1" time="20.687"/>
  <system-out>
    <![CDATA[Setting up Report and Test Started 
Setting Done Test can be Started 
Tring to start ad gettting appliaction ready 
Browser and application is up and running 
Test is about to end
test completed >> Report Ganarated]]>
  </system-out>
</testsuite> <!-- testCases.RegistrationtestwithRandomData -->
